<?xml version="1.0" encoding="UTF-8"?>
<testsuite xmlns:xsi="http://www.w3.org/2001/XMLSchema-instance" xsi:noNamespaceSchemaLocation="https://maven.apache.org/surefire/maven-surefire-plugin/xsd/surefire-test-report.xsd" version="3.0.2" name="com.pucminas.aluguelcarros.unit.AutomovelServiceImplTest" time="1.075" tests="11" errors="0" skipped="0" failures="0">
  <properties>
[...]
</properties>
  <testcase name="deveCriarAutomovelComSucesso" classname="com.pucminas.aluguelcarros.unit.AutomovelServiceImplTest" time="0.979">
    <system-err><![CDATA[Mockito is currently self-attaching to enable the inline-mock-maker. This will no longer work in future releases of the JDK. Please add Mockito as an agent to your build as described in Mockito's documentation: https://javadoc.io/doc/org.mockito/mockito-core/latest/org.mockito/org/mockito/Mockito.html#0.3
WARNING: A Java agent has been loaded dynamically (C:\Users\allan\.m2\repository\net\bytebuddy\byte-buddy-agent\1.17.7\byte-buddy-agent-1.17.7.jar)
WARNING: If a serviceability tool is in use, please run with -XX:+EnableDynamicAgentLoading to hide this warning
WARNING: If a serviceability tool is not in use, please run with -Djdk.instrument.traceUsage for more information
WARNING: Dynamic loading of agents will be disallowed by default in a future release
]]></system-err>
  </testcase>
  <testcase name="deveLancarExcecaoQuandoMatriculaDuplicada" classname="com.pucminas.aluguelcarros.unit.AutomovelServiceImplTest" time="0.008"/>
  <testcase name="deveLancarExcecaoQuandoPlacaDuplicada" classname="com.pucminas.aluguelcarros.unit.AutomovelServiceImplTest" time="0.008"/>
  <testcase name="deveAtualizarAutomovelComSucesso" classname="com.pucminas.aluguelcarros.unit.AutomovelServiceImplTest" time="0.01"/>
  <testcase name="deveListarTodosOsAutomoveis" classname="com.pucminas.aluguelcarros.unit.AutomovelServiceImplTest" time="0.008"/>
  <testcase name="deveLancarExcecaoQuandoAutomovelNaoEncontradoPorId" classname="com.pucminas.aluguelcarros.unit.AutomovelServiceImplTest" time="0.006"/>
  <testcase name="deveDeletarAutomovelComSucesso" classname="com.pucminas.aluguelcarros.unit.AutomovelServiceImplTest" time="0.004"/>
  <testcase name="deveListarApenasAutomoveisDisponiveis" classname="com.pucminas.aluguelcarros.unit.AutomovelServiceImplTest" time="0.007"/>
  <testcase name="deveLancarExcecaoAoAtualizarAutomovelInexistente" classname="com.pucminas.aluguelcarros.unit.AutomovelServiceImplTest" time="0.006"/>
  <testcase name="deveBuscarAutomovelPorIdComSucesso" classname="com.pucminas.aluguelcarros.unit.AutomovelServiceImplTest" time="0.005"/>
  <testcase name="deveLancarExcecaoAoDeletarAutomovelInexistente" classname="com.pucminas.aluguelcarros.unit.AutomovelServiceImplTest" time="0.005"/>
</testsuite>