<?xml version="1.0" encoding="UTF-8"?>
<testsuite xmlns:xsi="http://www.w3.org/2001/XMLSchema-instance" xsi:noNamespaceSchemaLocation="https://maven.apache.org/surefire/maven-surefire-plugin/xsd/surefire-test-report.xsd" version="3.0.2" name="com.pucminas.aluguelcarros.integration.ClienteRepositoryTest" time="0.409" tests="8" errors="0" skipped="0" failures="0">
  <properties>
[...]
</properties>
  <testcase name="deveBuscarClientePorCpf" classname="com.pucminas.aluguelcarros.integration.ClienteRepositoryTest" time="0.025">
    <system-out><![CDATA[19:22:35.640 [main] INFO  i.m.c.DefaultApplicationContext$RuntimeConfiguredEnvironment - Established active environments: [test]
19:22:35.670 [main] INFO  com.zaxxer.hikari.HikariDataSource - HikariPool-3 - Starting...
19:22:35.670 [main] INFO  com.zaxxer.hikari.pool.HikariPool - HikariPool-3 - Added connection conn20: url=jdbc:h2:mem:testdb user=SA
19:22:35.670 [main] INFO  com.zaxxer.hikari.HikariDataSource - HikariPool-3 - Start completed.
19:22:35.674 [main] INFO  o.h.c.i.RegionFactoryInitiator - HHH000026: Second-level cache disabled
19:22:35.674 [main] INFO  o.hibernate.orm.connections.pooling - HHH10001005: Database info:
	Database JDBC URL [Connecting through datasource 'HikariDataSource (HikariPool-3)']
	Database driver: undefined/unknown
	Database version: 2.3.232
	Autocommit mode: undefined/unknown
	Isolation level: undefined/unknown
	Minimum pool size: undefined/unknown
	Maximum pool size: undefined/unknown
Hibernate: drop table if exists automoveis cascade 
Hibernate: drop table if exists cliente_entidades_empregadoras cascade 
Hibernate: drop table if exists clientes cascade 
Hibernate: drop table if exists contratos cascade 
Hibernate: drop table if exists pedidos cascade 
Hibernate: create table automoveis (ano integer not null, disponivel boolean not null, id bigint generated by default as identity, marca varchar(255) not null, matricula varchar(255) not null unique, modelo varchar(255) not null, placa varchar(255) not null unique, proprietario enum ('BANCO','CLIENTE','EMPRESA') not null, primary key (id))
Hibernate: create table cliente_entidades_empregadoras (cliente_id bigint not null, entidade_empregadora varchar(255))
Hibernate: create table clientes (rendimentos numeric(15,2) not null, id bigint generated by default as identity, cpf varchar(14) not null unique, endereco varchar(255) not null, nome varchar(255) not null, profissao varchar(255) not null, rg varchar(255) not null unique, primary key (id))
Hibernate: create table contratos (parcelas integer not null, taxa_juros numeric(5,2) not null, valor_total numeric(15,2) not null, data_criacao timestamp(6) not null, id bigint generated by default as identity, pedido_id bigint not null unique, banco_agente varchar(100), primary key (id))
Hibernate: create table pedidos (data_fim date not null, data_inicio date not null, automovel_id bigint not null, cliente_id bigint not null, data_atualizacao timestamp(6), data_criacao timestamp(6) not null, id bigint generated by default as identity, parecer varchar(500), status enum ('APROVADO','CANCELADO','CONTRATADO','EM_ANALISE','PENDENTE','REPROVADO') not null, primary key (id))
Hibernate: alter table if exists cliente_entidades_empregadoras add constraint FK3t1rcmbieva0bv6yl31mer6yc foreign key (cliente_id) references clientes
Hibernate: alter table if exists contratos add constraint FK3dunk3wpu1st14hto4kooul97 foreign key (pedido_id) references pedidos
Hibernate: alter table if exists pedidos add constraint FK2735r945oxeta3geo1ol0gn8t foreign key (automovel_id) references automoveis
Hibernate: alter table if exists pedidos add constraint FKg7202lk0hwxn04bmdl2thth5b foreign key (cliente_id) references clientes
Hibernate: delete from cliente_entidades_empregadoras to_delete_
Hibernate: delete from clientes c1_0
Hibernate: insert into clientes (cpf,endereco,nome,profissao,rendimentos,rg,id) values (?,?,?,?,?,?,default)
Hibernate: insert into cliente_entidades_empregadoras (cliente_id,entidade_empregadora) values (?,?)
Hibernate: select c1_0.id,c1_0.cpf,c1_0.endereco,c1_0.nome,c1_0.profissao,c1_0.rendimentos,c1_0.rg from clientes c1_0 where (c1_0.cpf=?) fetch first ? rows only
Hibernate: select ee1_0.cliente_id,ee1_0.entidade_empregadora from cliente_entidades_empregadoras ee1_0 where ee1_0.cliente_id=?
]]></system-out>
  </testcase>
  <testcase name="deveListarTodosOsClientes" classname="com.pucminas.aluguelcarros.integration.ClienteRepositoryTest" time="0.046">
    <system-out><![CDATA[Hibernate: delete from cliente_entidades_empregadoras to_delete_
Hibernate: delete from clientes c1_0
Hibernate: insert into clientes (cpf,endereco,nome,profissao,rendimentos,rg,id) values (?,?,?,?,?,?,default)
Hibernate: insert into cliente_entidades_empregadoras (cliente_id,entidade_empregadora) values (?,?)
Hibernate: insert into clientes (cpf,endereco,nome,profissao,rendimentos,rg,id) values (?,?,?,?,?,?,default)
Hibernate: insert into cliente_entidades_empregadoras (cliente_id,entidade_empregadora) values (?,?)
Hibernate: select c1_0.id,c1_0.cpf,c1_0.endereco,c1_0.nome,c1_0.profissao,c1_0.rendimentos,c1_0.rg from clientes c1_0
Hibernate: select ee1_0.cliente_id,ee1_0.entidade_empregadora from cliente_entidades_empregadoras ee1_0 where ee1_0.cliente_id=?
Hibernate: select ee1_0.cliente_id,ee1_0.entidade_empregadora from cliente_entidades_empregadoras ee1_0 where ee1_0.cliente_id=?
Hibernate: select count(c1_0.id) from clientes c1_0
]]></system-out>
  </testcase>
  <testcase name="deveBuscarClientePorRg" classname="com.pucminas.aluguelcarros.integration.ClienteRepositoryTest" time="0.01">
    <system-out><![CDATA[Hibernate: delete from cliente_entidades_empregadoras to_delete_
Hibernate: delete from clientes c1_0
Hibernate: insert into clientes (cpf,endereco,nome,profissao,rendimentos,rg,id) values (?,?,?,?,?,?,default)
Hibernate: insert into cliente_entidades_empregadoras (cliente_id,entidade_empregadora) values (?,?)
Hibernate: select c1_0.id,c1_0.cpf,c1_0.endereco,c1_0.nome,c1_0.profissao,c1_0.rendimentos,c1_0.rg from clientes c1_0 where (c1_0.rg=?) fetch first ? rows only
Hibernate: select ee1_0.cliente_id,ee1_0.entidade_empregadora from cliente_entidades_empregadoras ee1_0 where ee1_0.cliente_id=?
]]></system-out>
  </testcase>
  <testcase name="deveVerificarExistenciaPorCpf" classname="com.pucminas.aluguelcarros.integration.ClienteRepositoryTest" time="0.018">
    <system-out><![CDATA[Hibernate: delete from cliente_entidades_empregadoras to_delete_
Hibernate: delete from clientes c1_0
Hibernate: insert into clientes (cpf,endereco,nome,profissao,rendimentos,rg,id) values (?,?,?,?,?,?,default)
Hibernate: insert into cliente_entidades_empregadoras (cliente_id,entidade_empregadora) values (?,?)
Hibernate: select true from clientes c1_0 where (c1_0.cpf=?) fetch first ? rows only
Hibernate: select true from clientes c1_0 where (c1_0.cpf=?) fetch first ? rows only
]]></system-out>
  </testcase>
  <testcase name="deveSalvarERecuperarCliente" classname="com.pucminas.aluguelcarros.integration.ClienteRepositoryTest" time="0.01">
    <system-out><![CDATA[Hibernate: delete from cliente_entidades_empregadoras to_delete_
Hibernate: delete from clientes c1_0
Hibernate: insert into clientes (cpf,endereco,nome,profissao,rendimentos,rg,id) values (?,?,?,?,?,?,default)
Hibernate: insert into cliente_entidades_empregadoras (cliente_id,entidade_empregadora) values (?,?)
Hibernate: select c1_0.id,c1_0.cpf,c1_0.endereco,c1_0.nome,c1_0.profissao,c1_0.rendimentos,c1_0.rg from clientes c1_0 where (c1_0.id=?) fetch first ? rows only
Hibernate: select ee1_0.cliente_id,ee1_0.entidade_empregadora from cliente_entidades_empregadoras ee1_0 where ee1_0.cliente_id=?
]]></system-out>
  </testcase>
  <testcase name="deveDeletarClientePorId" classname="com.pucminas.aluguelcarros.integration.ClienteRepositoryTest" time="0.024">
    <system-out><![CDATA[Hibernate: delete from cliente_entidades_empregadoras to_delete_
Hibernate: delete from clientes c1_0
Hibernate: insert into clientes (cpf,endereco,nome,profissao,rendimentos,rg,id) values (?,?,?,?,?,?,default)
Hibernate: insert into cliente_entidades_empregadoras (cliente_id,entidade_empregadora) values (?,?)
Hibernate: delete from cliente_entidades_empregadoras to_delete_ where to_delete_.cliente_id in (select c1_0.id from clientes c1_0 where (c1_0.id=?))
Hibernate: delete from clientes c1_0 where (c1_0.id=?)
Hibernate: select c1_0.id,c1_0.cpf,c1_0.endereco,c1_0.nome,c1_0.profissao,c1_0.rendimentos,c1_0.rg from clientes c1_0 where (c1_0.id=?) fetch first ? rows only
]]></system-out>
  </testcase>
  <testcase name="deveVerificarExistenciaPorRg" classname="com.pucminas.aluguelcarros.integration.ClienteRepositoryTest" time="0.015">
    <system-out><![CDATA[Hibernate: delete from cliente_entidades_empregadoras to_delete_
Hibernate: delete from clientes c1_0
Hibernate: insert into clientes (cpf,endereco,nome,profissao,rendimentos,rg,id) values (?,?,?,?,?,?,default)
Hibernate: insert into cliente_entidades_empregadoras (cliente_id,entidade_empregadora) values (?,?)
Hibernate: select true from clientes c1_0 where (c1_0.rg=?) fetch first ? rows only
Hibernate: select true from clientes c1_0 where (c1_0.rg=?) fetch first ? rows only
]]></system-out>
  </testcase>
  <testcase name="deveAtualizarCliente" classname="com.pucminas.aluguelcarros.integration.ClienteRepositoryTest" time="0.026">
    <system-out><![CDATA[Hibernate: delete from cliente_entidades_empregadoras to_delete_
Hibernate: delete from clientes c1_0
Hibernate: insert into clientes (cpf,endereco,nome,profissao,rendimentos,rg,id) values (?,?,?,?,?,?,default)
Hibernate: insert into cliente_entidades_empregadoras (cliente_id,entidade_empregadora) values (?,?)
Hibernate: select c1_0.id,c1_0.cpf,c1_0.endereco,c1_0.nome,c1_0.profissao,c1_0.rendimentos,c1_0.rg,ee1_0.cliente_id,ee1_0.entidade_empregadora from clientes c1_0 left join cliente_entidades_empregadoras ee1_0 on c1_0.id=ee1_0.cliente_id where c1_0.id=?
Hibernate: update clientes set cpf=?,endereco=?,nome=?,profissao=?,rendimentos=?,rg=? where id=?
Hibernate: select c1_0.id,c1_0.cpf,c1_0.endereco,c1_0.nome,c1_0.profissao,c1_0.rendimentos,c1_0.rg from clientes c1_0 where (c1_0.id=?) fetch first ? rows only
Hibernate: select ee1_0.cliente_id,ee1_0.entidade_empregadora from cliente_entidades_empregadoras ee1_0 where ee1_0.cliente_id=?
]]></system-out>
  </testcase>
</testsuite>